{
  "RSpec": {
    "coverage": {
      "/home/daniel/Desktop/cursos/Tour_of_Heroes/config/environment.rb": {
        "lines": [
          null,
          1,
          null,
          null,
          1
        ]
      },
      "/home/daniel/Desktop/cursos/Tour_of_Heroes/config/application.rb": {
        "lines": [
          1,
          null,
          1,
          null,
          null,
          null,
          1,
          null,
          1,
          1,
          null,
          1,
          null,
          null,
          null,
          null,
          null,
          null,
          null,
          null,
          null,
          null,
          null,
          null,
          1,
          null,
          null
        ]
      },
      "/home/daniel/Desktop/cursos/Tour_of_Heroes/config/boot.rb": {
        "lines": [
          1,
          null,
          1,
          1
        ]
      },
      "/home/daniel/Desktop/cursos/Tour_of_Heroes/config/environments/test.rb": {
        "lines": [
          1,
          null,
          null,
          null,
          null,
          null,
          null,
          1,
          null,
          null,
          null,
          1,
          null,
          null,
          null,
          null,
          1,
          null,
          null,
          1,
          1,
          null,
          null,
          null,
          null,
          1,
          1,
          1,
          null,
          null,
          1,
          null,
          null,
          1,
          null,
          null,
          1,
          null,
          1,
          null,
          null,
          null,
          null,
          1,
          null,
          null,
          1,
          null,
          null,
          1,
          null,
          null,
          1,
          null,
          null,
          null,
          null,
          null,
          null,
          null
        ]
      },
      "/home/daniel/Desktop/cursos/Tour_of_Heroes/config/initializers/cors.rb": {
        "lines": [
          null,
          null,
          null,
          null,
          null,
          null,
          null,
          null,
          null,
          null,
          null,
          null,
          null,
          null,
          null,
          null
        ]
      },
      "/home/daniel/Desktop/cursos/Tour_of_Heroes/config/initializers/filter_parameter_logging.rb": {
        "lines": [
          null,
          null,
          null,
          null,
          null,
          1,
          null,
          null
        ]
      },
      "/home/daniel/Desktop/cursos/Tour_of_Heroes/config/initializers/inflections.rb": {
        "lines": [
          null,
          1,
          1,
          null,
          null,
          null
        ]
      },
      "/home/daniel/Desktop/cursos/Tour_of_Heroes/config/routes.rb": {
        "lines": [
          1,
          1,
          1,
          null,
          null
        ]
      },
      "/home/daniel/Desktop/cursos/Tour_of_Heroes/app/controllers/api/heroes_controller.rb": {
        "lines": [
          1,
          1,
          1,
          null,
          1,
          1,
          null,
          1,
          2,
          null,
          2,
          null,
          null,
          1,
          0,
          null,
          null,
          1,
          3,
          null,
          3,
          2,
          null,
          1,
          null,
          null,
          null,
          1,
          3,
          2,
          null,
          1,
          null,
          null,
          null,
          null,
          1,
          1,
          null,
          null,
          1,
          1,
          4,
          null,
          null,
          1,
          6,
          null,
          null,
          null
        ]
      },
      "/home/daniel/Desktop/cursos/Tour_of_Heroes/app/controllers/application_controller.rb": {
        "lines": [
          1,
          null
        ]
      },
      "/home/daniel/Desktop/cursos/Tour_of_Heroes/app/controllers/concerns/authentication.rb": {
        "lines": [
          1,
          1,
          null,
          1,
          11,
          11,
          2,
          null,
          null,
          null,
          null,
          1,
          11,
          null,
          null
        ]
      },
      "/home/daniel/Desktop/cursos/Tour_of_Heroes/spec/models/hero_spec.rb": {
        "lines": [
          1,
          null,
          1,
          5,
          1,
          2,
          2,
          2,
          2,
          null,
          null,
          1,
          1,
          1,
          null,
          null,
          1,
          1,
          null,
          null,
          1,
          1,
          null,
          null,
          null,
          null
        ]
      },
      "/home/daniel/Desktop/cursos/Tour_of_Heroes/app/models/hero.rb": {
        "lines": [
          1,
          1,
          1,
          null,
          8,
          4,
          4,
          null
        ]
      },
      "/home/daniel/Desktop/cursos/Tour_of_Heroes/app/models/application_record.rb": {
        "lines": [
          1,
          1,
          null
        ]
      },
      "/home/daniel/Desktop/cursos/Tour_of_Heroes/spec/requests/api/heroes_spec.rb": {
        "lines": [
          1,
          null,
          1,
          10,
          11,
          null,
          1,
          9,
          null,
          null,
          1,
          3,
          null,
          null,
          1,
          9,
          null,
          null,
          1,
          1,
          1,
          1,
          1,
          1,
          null,
          null,
          null,
          1,
          1,
          1,
          1,
          1,
          null,
          null,
          null,
          null,
          1,
          1,
          1,
          1,
          1,
          null,
          null,
          null,
          1,
          1,
          1,
          1,
          1,
          null,
          null,
          null,
          null,
          1,
          1,
          null,
          1,
          1,
          null,
          null,
          null,
          1,
          1,
          1,
          1,
          null,
          null,
          null,
          null,
          1,
          1,
          null,
          1,
          1,
          null,
          null,
          null,
          null,
          1,
          1,
          3,
          1,
          2,
          null,
          null,
          1,
          1,
          1,
          null,
          1,
          1,
          null,
          null,
          1,
          1,
          1,
          null,
          1,
          1,
          null,
          null,
          null,
          1,
          1,
          1,
          1,
          null,
          1,
          1,
          null,
          null,
          null,
          null,
          1,
          1,
          1,
          1,
          1,
          null,
          null,
          null,
          null
        ]
      },
      "/home/daniel/Desktop/cursos/Tour_of_Heroes/app/serializers/hero_serializer.rb": {
        "lines": [
          1,
          1,
          null
        ]
      }
    },
    "timestamp": 1680383075
  }
}
